\BOOKMARK [0][-]{dummy.1}{\376\377\000A\000B\000S\000T\000R\000A\000C\000T}{}% 1
\BOOKMARK [0][-]{dummy.3}{\376\377\000L\000I\000S\000T\000\040\000O\000F\000\040\000T\000A\000B\000L\000E\000S}{}% 2
\BOOKMARK [0][-]{dummy.5}{\376\377\000L\000I\000S\000T\000\040\000O\000F\000\040\000F\000I\000G\000U\000R\000E\000S}{}% 3
\BOOKMARK [0][-]{chapter.7}{\376\377\0001\000\040\000M\000o\000t\000i\000v\000a\000t\000i\000o\000n}{}% 4
\BOOKMARK [0][-]{chapter.8}{\376\377\0002\000\040\000D\000e\000s\000i\000g\000n}{}% 5
\BOOKMARK [1][-]{section.9}{\376\377\0002\000.\0001\000\040\000M\000o\000d\000u\000l\000e\000\040\000D\000i\000a\000g\000r\000a\000m}{chapter.8}% 6
\BOOKMARK [0][-]{chapter.12}{\376\377\0003\000\040\000L\000i\000t\000e\000r\000a\000t\000u\000r\000e\000\040\000S\000u\000r\000v\000e\000y}{}% 7
\BOOKMARK [0][-]{chapter.13}{\376\377\0004\000\040\000A\000l\000g\000o\000r\000i\000t\000h\000m\000s\000\040\000f\000o\000r\000\040\000A\000u\000t\000o\000m\000a\000t\000i\000c\000\040\000B\000u\000g\000\040\000T\000r\000i\000a\000g\000i\000n\000g}{}% 8
\BOOKMARK [1][-]{section.14}{\376\377\0004\000.\0001\000\040\000S\000n\000o\000w\000b\000a\000l\000l\000\040\000S\000t\000e\000m\000m\000i\000n\000g\000\040\000A\000l\000g\000o\000r\000i\000t\000h\000m}{chapter.13}% 9
\BOOKMARK [1][-]{section.17}{\376\377\0004\000.\0002\000\040\000N\000a\000i\000v\000e\000\040\000B\000a\000y\000e\000s\000\040\000T\000e\000x\000t\000\040\000C\000l\000a\000s\000s\000i\000f\000i\000e\000r\000\040\000A\000l\000g\000o\000r\000i\000t\000h\000m}{chapter.13}% 10
\BOOKMARK [1][-]{section.20}{\376\377\0004\000.\0003\000\040\000M\000u\000l\000t\000i\000n\000o\000m\000i\000a\000l\000\040\000N\000a\000i\000v\000e\000\040\000B\000a\000y\000e\000s\000\040\000A\000l\000g\000o\000r\000i\000t\000h\000m}{chapter.13}% 11
\BOOKMARK [1][-]{section.26}{\376\377\0004\000.\0004\000\040\000T\000f\000-\000\040\000i\000d\000f\000\040\000W\000e\000i\000g\000h\000t\000\040\000C\000a\000l\000c\000u\000l\000a\000t\000i\000o\000n}{chapter.13}% 12
\BOOKMARK [1][-]{section.27}{\376\377\0004\000.\0005\000\040\000L\000i\000n\000e\000a\000r\000\040\000S\000u\000p\000p\000o\000r\000t\000\040\000V\000e\000c\000t\000o\000r\000\040\000M\000a\000c\000h\000i\000n\000e}{chapter.13}% 13
\BOOKMARK [1][-]{section.28}{\376\377\0004\000.\0006\000\040\000F\000o\000l\000d\000i\000n\000g}{chapter.13}% 14
\BOOKMARK [1][-]{section.30}{\376\377\0004\000.\0007\000\040\000G\000o\000a\000l\000\040\000o\000r\000i\000e\000n\000t\000e\000d\000\040\000t\000o\000s\000s\000i\000n\000g\000\040\000g\000r\000a\000p\000h}{chapter.13}% 15
\BOOKMARK [1][-]{section.32}{\376\377\0004\000.\0008\000\040\000P\000r\000e\000d\000i\000c\000t\000i\000o\000n\000\040\000A\000c\000c\000u\000r\000a\000c\000y}{chapter.13}% 16
\BOOKMARK [0][-]{chapter.33}{\376\377\0005\000\040\000P\000r\000o\000b\000l\000e\000m\000\040\000D\000e\000f\000i\000n\000i\000t\000i\000o\000n\000\040\000a\000n\000d\000\040\000P\000r\000o\000p\000o\000s\000e\000d\000\040\000S\000y\000s\000t\000e\000m}{}% 17
\BOOKMARK [1][-]{section.34}{\376\377\0005\000.\0001\000\040\000P\000r\000o\000b\000l\000e\000m\000\040\000S\000t\000a\000t\000e\000m\000e\000n\000t}{chapter.33}% 18
\BOOKMARK [1][-]{section.35}{\376\377\0005\000.\0002\000\040\000D\000a\000t\000a\000\040\000S\000e\000t}{chapter.33}% 19
\BOOKMARK [1][-]{section.36}{\376\377\0005\000.\0003\000\040\000S\000a\000m\000p\000l\000e\000\040\000D\000a\000t\000a\000\040\000s\000e\000t}{chapter.33}% 20
\BOOKMARK [0][-]{chapter.79}{\376\377\0006\000\040\000C\000o\000n\000c\000l\000u\000s\000i\000o\000n\000\040\000a\000n\000d\000\040\000F\000u\000t\000u\000r\000e\000\040\000W\000o\000r\000k}{}% 21
\BOOKMARK [0][-]{chapter.80}{\376\377\0007\000\040\000R\000e\000s\000u\000l\000t}{}% 22
\BOOKMARK [1][-]{section.81}{\376\377\0007\000.\0001\000\040\000E\000x\000p\000e\000r\000i\000m\000e\000n\000t\000a\000l\000\040\000S\000e\000t\000-\000u\000p}{chapter.80}% 23
